<?xml version="1.0" encoding="UTF-8"?>
<testsuite name="ContactManagerTest$ParameterizedTests" tests="9" skipped="0" failures="0" errors="0" timestamp="2021-09-09T16:06:00" hostname="DESKTOP-NMS6AE6" time="0.023">
  <properties/>
  <testcase name="[1] 0123456798" classname="ContactManagerTest$ParameterizedTests" time="0.001"/>
  <testcase name="[2] 0123456798" classname="ContactManagerTest$ParameterizedTests" time="0.001"/>
  <testcase name="[3] 0123456798" classname="ContactManagerTest$ParameterizedTests" time="0.001"/>
  <testcase name="[1] 0123456789" classname="ContactManagerTest$ParameterizedTests" time="0.001"/>
  <testcase name="[2] 0123456798" classname="ContactManagerTest$ParameterizedTests" time="0.001"/>
  <testcase name="[3] 0123456897" classname="ContactManagerTest$ParameterizedTests" time="0.0"/>
  <testcase name="[1] 0123456789" classname="ContactManagerTest$ParameterizedTests" time="0.002"/>
  <testcase name="[2] 0123456798" classname="ContactManagerTest$ParameterizedTests" time="0.001"/>
  <testcase name="[3] 0123456897" classname="ContactManagerTest$ParameterizedTests" time="0.001"/>
  <system-out><![CDATA[Instantiating Contact Manager
Should Execute After Each Test
Instantiating Contact Manager
Should Execute After Each Test
Instantiating Contact Manager
Should Execute After Each Test
Instantiating Contact Manager
Should Execute After Each Test
Instantiating Contact Manager
Should Execute After Each Test
Instantiating Contact Manager
Should Execute After Each Test
Instantiating Contact Manager
Should Execute After Each Test
Instantiating Contact Manager
Should Execute After Each Test
Instantiating Contact Manager
Should Execute After Each Test
]]></system-out>
  <system-err><![CDATA[]]></system-err>
</testsuite>
